<?xml version="1.0" encoding="UTF-8"?>
<!-- Generated by org.testng.reporters.JUnitReportReporter -->
<testsuite skipped="0" hostname="clm-C02TT0U0HTDG" name="JavaSessions.TestNG" tests="2" failures="0" timestamp="17 Jan 2019 05:18:44 GMT" time="11.416" errors="0">
  <testcase name="PageNavigator" time="4.901" classname="JavaSessions.TestNG"/>
  <testcase name="Fileuploader" time="6.515" classname="JavaSessions.TestNG"/>
</testsuite> <!-- JavaSessions.TestNG -->
