<?xml version="1.0" encoding="UTF-8"?>
<!-- Generated by org.testng.reporters.JUnitReportReporter -->
<testsuite skipped="0" hostname="clm-C02TT0U0HTDG" name="SeleniumSessions.Sequencing" tests="2" failures="0" timestamp="18 Jan 2019 01:09:11 GMT" time="0.002" errors="0">
  <testcase name="testCase2" time="0.001" classname="SeleniumSessions.Sequencing"/>
  <testcase name="testCase1" time="0.001" classname="SeleniumSessions.Sequencing"/>
</testsuite> <!-- SeleniumSessions.Sequencing -->
