<?xml version="1.0" encoding="UTF-8"?>
<!-- Generated by org.testng.reporters.JUnitReportReporter -->
<testsuite skipped="0" hostname="clm-C02TT0U0HTDG" name="SeleniumSessions.FluentWaitSample" tests="1" failures="0" timestamp="26 Feb 2019 01:33:28 GMT" time="16.973" errors="0">
  <testcase name="fluentWaitMethod" time="16.973" classname="SeleniumSessions.FluentWaitSample"/>
</testsuite> <!-- SeleniumSessions.FluentWaitSample -->
