<?xml version="1.0" encoding="UTF-8"?>
<!-- Generated by org.testng.reporters.JUnitReportReporter -->
<testsuite skipped="0" hostname="clm-C02TT0U0HTDG" name="JavaSessions.Assignment1" tests="2" failures="0" timestamp="19 Jan 2019 17:26:09 GMT" time="11.328" errors="0">
  <testcase name="PageNavigator" time="4.410" classname="JavaSessions.Assignment1"/>
  <testcase name="Fileuploader" time="6.918" classname="JavaSessions.Assignment1"/>
</testsuite> <!-- JavaSessions.Assignment1 -->
