<?xml version="1.0" encoding="UTF-8"?>
<!-- Generated by org.testng.reporters.JUnitReportReporter -->
<testsuite skipped="0" hostname="clm-C02TT0U0HTDG" name="automationFramework.Sequencing" tests="2" failures="0" timestamp="18 Jan 2019 00:54:03 GMT" time="0.008" errors="0">
  <testcase name="testCase2" time="0.001" classname="automationFramework.Sequencing"/>
  <testcase name="testCase1" time="0.007" classname="automationFramework.Sequencing"/>
</testsuite> <!-- automationFramework.Sequencing -->
